0 info it worked if it ends with ok
1 verbose cli [ '/usr/bin/nodejs', '/usr/bin/npm', 'install', '-g', 'node' ]
2 info using npm@3.5.2
3 info using node@v4.2.6
4 silly loadCurrentTree Starting
5 silly install loadCurrentTree
6 silly install readGlobalPackageData
7 silly fetchPackageMetaData node
8 silly fetchNamedPackageData node
9 silly mapToRegistry name node
10 silly mapToRegistry using default registry
11 silly mapToRegistry registry https://registry.npmjs.org/
12 silly mapToRegistry uri https://registry.npmjs.org/node
13 verbose request uri https://registry.npmjs.org/node
14 verbose request no auth needed
15 info attempt registry request try #1 at 10:48:19 PM
16 verbose request id 5e85263444c3b106
17 http request GET https://registry.npmjs.org/node
18 http 200 https://registry.npmjs.org/node
19 verbose headers { date: 'Fri, 30 Nov 2018 03:48:23 GMT',
19 verbose headers   'content-type': 'application/json',
19 verbose headers   'transfer-encoding': 'chunked',
19 verbose headers   connection: 'keep-alive',
19 verbose headers   'set-cookie': [ '__cfduid=d17273d39238e45ca2efab1f0aa61ac481543549703; expires=Sat, 30-Nov-19 03:48:23 GMT; path=/; domain=.registry.npmjs.org; HttpOnly' ],
19 verbose headers   'cf-cache-status': 'HIT',
19 verbose headers   'cache-control': 'max-age=300',
19 verbose headers   'cf-ray': '481a568d1e7ec51e-ORD',
19 verbose headers   etag: 'W/"1f8855253707abbd937e87f77ad537d0"',
19 verbose headers   'expect-ct': 'max-age=604800, report-uri="https://report-uri.cloudflare.com/cdn-cgi/beacon/expect-ct"',
19 verbose headers   'last-modified': 'Mon, 26 Nov 2018 05:53:37 GMT',
19 verbose headers   vary: 'accept-encoding, accept',
19 verbose headers   'x-amz-meta-rev': '438-11a2e691008670d293fefa63c76e4c4e',
19 verbose headers   server: 'cloudflare',
19 verbose headers   'content-encoding': 'gzip' }
20 silly get cb [ 200,
20 silly get   { date: 'Fri, 30 Nov 2018 03:48:23 GMT',
20 silly get     'content-type': 'application/json',
20 silly get     'transfer-encoding': 'chunked',
20 silly get     connection: 'keep-alive',
20 silly get     'set-cookie': [ '__cfduid=d17273d39238e45ca2efab1f0aa61ac481543549703; expires=Sat, 30-Nov-19 03:48:23 GMT; path=/; domain=.registry.npmjs.org; HttpOnly' ],
20 silly get     'cf-cache-status': 'HIT',
20 silly get     'cache-control': 'max-age=300',
20 silly get     'cf-ray': '481a568d1e7ec51e-ORD',
20 silly get     etag: 'W/"1f8855253707abbd937e87f77ad537d0"',
20 silly get     'expect-ct': 'max-age=604800, report-uri="https://report-uri.cloudflare.com/cdn-cgi/beacon/expect-ct"',
20 silly get     'last-modified': 'Mon, 26 Nov 2018 05:53:37 GMT',
20 silly get     vary: 'accept-encoding, accept',
20 silly get     'x-amz-meta-rev': '438-11a2e691008670d293fefa63c76e4c4e',
20 silly get     server: 'cloudflare',
20 silly get     'content-encoding': 'gzip' } ]
21 verbose get saving node to /home/local/.npm/registry.npmjs.org/node/.cache.json
22 verbose makeDirectory /home/local/.npm creation not in flight; initializing
23 silly makeDirectory /home/local/.npm uid: 1000 gid: 1000
24 silly install normalizeTree
25 silly loadCurrentTree Finishing
26 silly loadIdealTree Starting
27 silly install loadIdealTree
28 silly cloneCurrentTree Starting
29 silly install cloneCurrentTreeToIdealTree
30 silly cloneCurrentTree Finishing
31 silly loadShrinkwrap Starting
32 silly install loadShrinkwrap
33 silly loadShrinkwrap Finishing
34 silly loadAllDepsIntoIdealTree Starting
35 silly install loadAllDepsIntoIdealTree
36 silly resolveWithNewModule node@11.2.0 checking installable status
37 silly cache add args [ 'node', null ]
38 verbose cache add spec node
39 silly cache add parsed spec Result {
39 silly cache add   raw: 'node',
39 silly cache add   scope: null,
39 silly cache add   name: 'node',
39 silly cache add   rawSpec: '',
39 silly cache add   spec: 'latest',
39 silly cache add   type: 'tag' }
40 silly addNamed node@latest
41 verbose addNamed "latest" is being treated as a dist-tag for node
42 info addNameTag [ 'node', 'latest' ]
43 silly mapToRegistry name node
44 silly mapToRegistry using default registry
45 silly mapToRegistry registry https://registry.npmjs.org/
46 silly mapToRegistry uri https://registry.npmjs.org/node
47 verbose addNameTag registry:https://registry.npmjs.org/node not in flight; fetching
48 verbose get https://registry.npmjs.org/node not expired, no request
49 silly addNameTag next cb for node with tag latest
50 silly addNamed node@11.2.0
51 verbose addNamed "11.2.0" is a plain semver version for node
52 silly mapToRegistry name node
53 silly mapToRegistry using default registry
54 silly mapToRegistry registry https://registry.npmjs.org/
55 silly mapToRegistry uri https://registry.npmjs.org/node
56 verbose addRemoteTarball https://registry.npmjs.org/node/-/node-11.2.0.tgz not in flight; adding
57 verbose addRemoteTarball [ 'https://registry.npmjs.org/node/-/node-11.2.0.tgz',
57 verbose addRemoteTarball   '3731a5086c1bedac4d026407a1d7c659544305f3' ]
58 info retry fetch attempt 1 at 10:48:23 PM
59 info attempt registry request try #1 at 10:48:23 PM
60 http fetch GET https://registry.npmjs.org/node/-/node-11.2.0.tgz
61 http fetch 200 https://registry.npmjs.org/node/-/node-11.2.0.tgz
62 silly fetchAndShaCheck shasum 3731a5086c1bedac4d026407a1d7c659544305f3
63 verbose addTmpTarball /tmp/npm-9281-34898f16/registry.npmjs.org/node/-/node-11.2.0.tgz not in flight; adding
64 verbose addTmpTarball already have metadata; skipping unpack for node@11.2.0
65 silly cache afterAdd node@11.2.0
66 verbose afterAdd /home/local/.npm/node/11.2.0/package/package.json not in flight; writing
67 verbose afterAdd /home/local/.npm/node/11.2.0/package/package.json written
68 silly fetchNamedPackageData node-bin-setup
69 silly mapToRegistry name node-bin-setup
70 silly mapToRegistry using default registry
71 silly mapToRegistry registry https://registry.npmjs.org/
72 silly mapToRegistry uri https://registry.npmjs.org/node-bin-setup
73 verbose request uri https://registry.npmjs.org/node-bin-setup
74 verbose request no auth needed
75 info attempt registry request try #1 at 10:48:23 PM
76 http request GET https://registry.npmjs.org/node-bin-setup
77 http 200 https://registry.npmjs.org/node-bin-setup
78 verbose headers { date: 'Fri, 30 Nov 2018 03:48:23 GMT',
78 verbose headers   'content-type': 'application/json; charset=UTF-8',
78 verbose headers   'transfer-encoding': 'chunked',
78 verbose headers   connection: 'keep-alive',
78 verbose headers   'set-cookie': [ '__cfduid=db4ce7464fbe06a47b8032c27255842671543549703; expires=Sat, 30-Nov-19 03:48:23 GMT; path=/; domain=.registry.npmjs.org; HttpOnly' ],
78 verbose headers   'cf-cache-status': 'REVALIDATED',
78 verbose headers   'cache-control': 'max-age=300',
78 verbose headers   'cf-ray': '481a568fcfb0c526-ORD',
78 verbose headers   etag: 'W/"696d6ec470fda56a33885508a280edab"',
78 verbose headers   'expect-ct': 'max-age=604800, report-uri="https://report-uri.cloudflare.com/cdn-cgi/beacon/expect-ct"',
78 verbose headers   'last-modified': 'Sun, 27 May 2018 09:55:03 GMT',
78 verbose headers   vary: 'accept-encoding, accept',
78 verbose headers   server: 'cloudflare',
78 verbose headers   'content-encoding': 'gzip' }
79 silly get cb [ 200,
79 silly get   { date: 'Fri, 30 Nov 2018 03:48:23 GMT',
79 silly get     'content-type': 'application/json; charset=UTF-8',
79 silly get     'transfer-encoding': 'chunked',
79 silly get     connection: 'keep-alive',
79 silly get     'set-cookie': [ '__cfduid=db4ce7464fbe06a47b8032c27255842671543549703; expires=Sat, 30-Nov-19 03:48:23 GMT; path=/; domain=.registry.npmjs.org; HttpOnly' ],
79 silly get     'cf-cache-status': 'REVALIDATED',
79 silly get     'cache-control': 'max-age=300',
79 silly get     'cf-ray': '481a568fcfb0c526-ORD',
79 silly get     etag: 'W/"696d6ec470fda56a33885508a280edab"',
79 silly get     'expect-ct': 'max-age=604800, report-uri="https://report-uri.cloudflare.com/cdn-cgi/beacon/expect-ct"',
79 silly get     'last-modified': 'Sun, 27 May 2018 09:55:03 GMT',
79 silly get     vary: 'accept-encoding, accept',
79 silly get     server: 'cloudflare',
79 silly get     'content-encoding': 'gzip' } ]
80 verbose get saving node-bin-setup to /home/local/.npm/registry.npmjs.org/node-bin-setup/.cache.json
81 silly resolveWithNewModule node-bin-setup@1.0.6 checking installable status
82 silly cache add args [ 'node-bin-setup@^1.0.0', null ]
83 verbose cache add spec node-bin-setup@^1.0.0
84 silly cache add parsed spec Result {
84 silly cache add   raw: 'node-bin-setup@^1.0.0',
84 silly cache add   scope: null,
84 silly cache add   name: 'node-bin-setup',
84 silly cache add   rawSpec: '^1.0.0',
84 silly cache add   spec: '>=1.0.0 <2.0.0',
84 silly cache add   type: 'range' }
85 silly addNamed node-bin-setup@>=1.0.0 <2.0.0
86 verbose addNamed ">=1.0.0 <2.0.0" is a valid semver range for node-bin-setup
87 silly addNameRange { name: 'node-bin-setup',
87 silly addNameRange   range: '>=1.0.0 <2.0.0',
87 silly addNameRange   hasData: false }
88 silly mapToRegistry name node-bin-setup
89 silly mapToRegistry using default registry
90 silly mapToRegistry registry https://registry.npmjs.org/
91 silly mapToRegistry uri https://registry.npmjs.org/node-bin-setup
92 verbose addNameRange registry:https://registry.npmjs.org/node-bin-setup not in flight; fetching
93 verbose get https://registry.npmjs.org/node-bin-setup not expired, no request
94 silly addNameRange number 2 { name: 'node-bin-setup',
94 silly addNameRange   range: '>=1.0.0 <2.0.0',
94 silly addNameRange   hasData: true }
95 silly addNameRange versions [ 'node-bin-setup',
95 silly addNameRange   [ '1.0.0', '1.0.1', '1.0.2', '1.0.3', '1.0.4', '1.0.6' ] ]
96 silly addNamed node-bin-setup@1.0.6
97 verbose addNamed "1.0.6" is a plain semver version for node-bin-setup
98 silly mapToRegistry name node-bin-setup
99 silly mapToRegistry using default registry
100 silly mapToRegistry registry https://registry.npmjs.org/
101 silly mapToRegistry uri https://registry.npmjs.org/node-bin-setup
102 verbose addRemoteTarball https://registry.npmjs.org/node-bin-setup/-/node-bin-setup-1.0.6.tgz not in flight; adding
103 verbose addRemoteTarball [ 'https://registry.npmjs.org/node-bin-setup/-/node-bin-setup-1.0.6.tgz',
103 verbose addRemoteTarball   '4b5c9bb937ece702d7069b36ca78af4684677528' ]
104 info retry fetch attempt 1 at 10:48:23 PM
105 info attempt registry request try #1 at 10:48:23 PM
106 http fetch GET https://registry.npmjs.org/node-bin-setup/-/node-bin-setup-1.0.6.tgz
107 http fetch 200 https://registry.npmjs.org/node-bin-setup/-/node-bin-setup-1.0.6.tgz
108 silly fetchAndShaCheck shasum 4b5c9bb937ece702d7069b36ca78af4684677528
109 verbose addTmpTarball /tmp/npm-9281-34898f16/registry.npmjs.org/node-bin-setup/-/node-bin-setup-1.0.6.tgz not in flight; adding
110 verbose addTmpTarball already have metadata; skipping unpack for node-bin-setup@1.0.6
111 silly cache afterAdd node-bin-setup@1.0.6
112 verbose afterAdd /home/local/.npm/node-bin-setup/1.0.6/package/package.json not in flight; writing
113 verbose afterAdd /home/local/.npm/node-bin-setup/1.0.6/package/package.json written
114 silly loadAllDepsIntoIdealTree Finishing
115 silly idealTree:prePrune lib
115 silly idealTree:prePrune └─┬ node@11.2.0
115 silly idealTree:prePrune   └── node-bin-setup@1.0.6
116 silly loadIdealTree Finishing
117 silly currentTree lib
118 silly idealTree lib
118 silly idealTree └─┬ node@11.2.0
118 silly idealTree   └── node-bin-setup@1.0.6
119 silly generateActionsToTake Starting
120 silly install generateActionsToTake
121 warn checkPermissions Missing write access to /usr/local/lib
122 silly rollbackFailedOptional Starting
123 silly rollbackFailedOptional Finishing
124 silly runTopLevelLifecycles Starting
125 silly runTopLevelLifecycles Finishing
126 silly install printInstalled
127 verbose stack Error: EACCES: permission denied, access '/usr/local/lib'
127 verbose stack     at Error (native)
128 verbose cwd /mnt/c/Users/Cyril/Dev/sadishag.github.io
129 error Linux 4.4.0-17134-Microsoft
130 error argv "/usr/bin/nodejs" "/usr/bin/npm" "install" "-g" "node"
131 error node v4.2.6
132 error npm  v3.5.2
133 error path /usr/local/lib
134 error code EACCES
135 error errno -13
136 error syscall access
137 error Error: EACCES: permission denied, access '/usr/local/lib'
137 error     at Error (native)
137 error  { [Error: EACCES: permission denied, access '/usr/local/lib']
137 error   errno: -13,
137 error   code: 'EACCES',
137 error   syscall: 'access',
137 error   path: '/usr/local/lib' }
138 error Please try running this command again as root/Administrator.
139 verbose exit [ -13, true ]
